app/values-tl/intermediates/manifest_merge_blame_file/debug/manifest-merger-blame-debug-report.txt
1<?xml version="1.0" encoding="utf-8"?>
2<manifest xmlns:android="http://schemas.android.com/apk/res/android"
3    package="egor.Android.SpaceSovereigns"
4    android:configChanges="orientation|keyboardHidden"
5    android:screenOrientation="portrait"
6    android:versionCode="1"
7    android:versionName="1.0" >
8
9    <uses-sdk
10        android:minSdkVersion="8"
10-->src/main/AndroidManifest.xml
11        android:targetSdkVersion="19" />
11-->src/main/AndroidManifest.xml
12
13    <application
13-->src/main/AndroidManifest.xml:9:5-25:19
14        android:allowBackup="true"
14-->src/main/AndroidManifest.xml:10:9-35
15        android:debuggable="true"
16        android:icon="@drawable/icon"
16-->src/main/AndroidManifest.xml:11:9-38
17        android:label="@string/app_name"
17-->src/main/AndroidManifest.xml:12:9-41
18        android:testOnly="true"
19        android:theme="@style/AppTheme" >
19-->src/main/AndroidManifest.xml:13:9-40
20        <activity
20-->src/main/AndroidManifest.xml:14:9-24:20
21            android:name="egor.Android.SpaceSovereigns.MainActivity"
21-->src/main/AndroidManifest.xml:15:13-69
22            android:configChanges="orientation|keyboardHidden"
22-->src/main/AndroidManifest.xml:16:13-63
23            android:label="@string/app_name"
23-->src/main/AndroidManifest.xml:17:13-45
24            android:screenOrientation="portrait" >
24-->src/main/AndroidManifest.xml:18:13-49
25            <intent-filter>
25-->src/main/AndroidManifest.xml:19:13-23:29
26                <action android:name="android.intent.action.MAIN" />
26-->src/main/AndroidManifest.xml:20:17-69
26-->src/main/AndroidManifest.xml:20:25-66
27
28                <category android:name="android.intent.category.LAUNCHER" />
28-->src/main/AndroidManifest.xml:22:17-77
28-->src/main/AndroidManifest.xml:22:27-74
29            </intent-filter>
30        </activity>
31    </application>
32
33</manifest>